#######################################################################################
# log primitive debug message of FSDB dumping                                         #
# This is for R&D to analyze when there are issues happening when FSDB dump           #
#######################################################################################
ANF: vcsd_get_serial_mode_status('simv: undefined symbol: vcsd_get_serial_mode_status')
ANF: vcsd_enable_sva_success_callback('simv: undefined symbol: vcsd_enable_sva_success_callback')
ANF: vcsd_disable_sva_success_callback('simv: undefined symbol: vcsd_disable_sva_success_callback')
ANF: vcsd_get_thread_id('simv: undefined symbol: vcsd_get_thread_id')
ANF: vcsd_get_power_scope_name('simv: undefined symbol: vcsd_get_power_scope_name')
ANF: vcsd_begin_no_value_var_info('simv: undefined symbol: vcsd_begin_no_value_var_info')
ANF: vcsd_end_no_value_var_info('simv: undefined symbol: vcsd_end_no_value_var_info')
ANF: vcsd_remove_xprop_merge_mode_callback('simv: undefined symbol: vcsd_remove_xprop_merge_mode_callback')
ANF: vcsd_node_check_native_callback('simv: undefined symbol: vcsd_node_check_native_callback')
ANF: vcsd_node_add_native_callback('simv: undefined symbol: vcsd_node_add_native_callback')
ANF: vcsdIsNativeVc('simv: undefined symbol: vcsdIsNativeVc')
ANF: vhpi_get_cb_info('simv: undefined symbol: vhpi_get_cb_info')
ANF: vhpi_free_handle('simv: undefined symbol: vhpi_free_handle')
ANF: vhpi_fetch_vcsd_handle('simv: undefined symbol: vhpi_fetch_vcsd_handle')
ANF: vhpi_fetch_vpi_handle('simv: undefined symbol: vhpi_fetch_vpi_handle')
ANF: vhpi_has_verilog_parent('simv: undefined symbol: vhpi_has_verilog_parent')
ANF: vhpi_is_verilog_scope('simv: undefined symbol: vhpi_is_verilog_scope')
ANF: scsd_xprop_is_enabled('simv: undefined symbol: scsd_xprop_is_enabled')
ANF: scsd_xprop_sig_is_promoted('simv: undefined symbol: scsd_xprop_sig_is_promoted')
ANF: scsd_xprop_int_xvalue('simv: undefined symbol: scsd_xprop_int_xvalue')
ANF: scsd_xprop_bool_xvalue('simv: undefined symbol: scsd_xprop_bool_xvalue')
ANF: scsd_xprop_enum_xvalue('simv: undefined symbol: scsd_xprop_enum_xvalue')
ANF: scsd_xprop_register_merge_mode_cb('simv: undefined symbol: scsd_xprop_register_merge_mode_cb')
ANF: scsd_xprop_delete_merge_mode_cb('simv: undefined symbol: scsd_xprop_delete_merge_mode_cb')
ANF: scsd_xprop_get_merge_mode('simv: undefined symbol: scsd_xprop_get_merge_mode')
ANF: scsd_thread_get_info('simv: undefined symbol: scsd_thread_get_info')
ANF: scsd_thread_vc_init('simv: undefined symbol: scsd_thread_vc_init')
ANF: scsd_master_set_delta_sync_cbk('simv: undefined symbol: scsd_master_set_delta_sync_cbk')
ANF: scsd_fgp_get_fsdb_cores('simv: undefined symbol: scsd_fgp_get_fsdb_cores')
ANF: msvEnableDumpingMode('simv: undefined symbol: msvEnableDumpingMode')
ANF: msvGetVersion('simv: undefined symbol: msvGetVersion')
ANF: msvGetInstProp('simv: undefined symbol: msvGetInstProp')
ANF: msvIsSpiceEngineReady('simv: undefined symbol: msvIsSpiceEngineReady')
ANF: msvSetAddProbeCallback('simv: undefined symbol: msvSetAddProbeCallback')
ANF: msvGetInstHandle('simv: undefined symbol: msvGetInstHandle')
ANF: msvGetProbeByInst('simv: undefined symbol: msvGetProbeByInst')
ANF: msvGetSigHandle('simv: undefined symbol: msvGetSigHandle')
ANF: msvGetProbeBySig('simv: undefined symbol: msvGetProbeBySig')
ANF: msvGetProbeInfo('simv: undefined symbol: msvGetProbeInfo')
ANF: msvRelease('simv: undefined symbol: msvRelease')
ANF: msvSetVcCallbackFunc('simv: undefined symbol: msvSetVcCallbackFunc')
ANF: msvCheckVcCallback('simv: undefined symbol: msvCheckVcCallback')
ANF: msvAddVcCallback('simv: undefined symbol: msvAddVcCallback')
ANF: msvRemoveVcCallback('simv: undefined symbol: msvRemoveVcCallback')
ANF: msvGetLatestValue('simv: undefined symbol: msvGetLatestValue')
ANF: msvSetEndofSimCallback('simv: undefined symbol: msvSetEndofSimCallback')
ANF: msvIgnoredProbe('simv: undefined symbol: msvIgnoredProbe')
ANF: msvGetThruNetInfo('simv: undefined symbol: msvGetThruNetInfo')
ANF: msvFreeThruNetInfo('simv: undefined symbol: msvFreeThruNetInfo')
ANF: PI_ace_get_output_time_unit('simv: undefined symbol: PI_ace_get_output_time_unit')
ANF: PI_ace_sim_sync('simv: undefined symbol: PI_ace_sim_sync')
ANF: msvGetRereadInitFile('simv: undefined symbol: msvGetRereadInitFile')
ANF: msvSetBeforeRereadCallback('simv: undefined symbol: msvSetBeforeRereadCallback')
ANF: msvSetAfterRereadCallback('simv: undefined symbol: msvSetAfterRereadCallback')
ANF: msvSetForceCallback('simv: undefined symbol: msvSetForceCallback')
ANF: msvSetReleaseCallback('simv: undefined symbol: msvSetReleaseCallback')
ANF: msvGetForceStatus('simv: undefined symbol: msvGetForceStatus')
ANF: vdi_fn_trigger_native_init_force('simv: undefined symbol: vdi_fn_trigger_native_init_force')
ANF: vdi_set_native_callback('simv: undefined symbol: vdi_set_native_callback')
ANF: vdi_fn_check_native_callback('simv: undefined symbol: vdi_fn_check_native_callback')
ANF: vdi_fn_add_native_callback('simv: undefined symbol: vdi_fn_add_native_callback')
ANF: vhdi_dt_get_type('simv: undefined symbol: vhdi_dt_get_type')
ANF: vhdi_dt_get_key('simv: undefined symbol: vhdi_dt_get_key')
ANF: vhdi_dt_get_vhdl_enum_info('simv: undefined symbol: vhdi_dt_get_vhdl_enum_info')
ANF: vhdi_dt_get_vhdl_physical_info('simv: undefined symbol: vhdi_dt_get_vhdl_physical_info')
ANF: vhdi_dt_get_vhdl_array_info('simv: undefined symbol: vhdi_dt_get_vhdl_array_info')
ANF: vhdi_dt_get_vhdl_record_info('simv: undefined symbol: vhdi_dt_get_vhdl_record_info')
ANF: vhdi_def_traverse_module('simv: undefined symbol: vhdi_def_traverse_module')
ANF: vhdi_def_traverse_scope('simv: undefined symbol: vhdi_def_traverse_scope')
ANF: vhdi_def_traverse_variable('simv: undefined symbol: vhdi_def_traverse_variable')
ANF: vhdi_def_get_module_id_by_vhpi('simv: undefined symbol: vhdi_def_get_module_id_by_vhpi')
ANF: vhdi_def_get_handle_by_module_id('simv: undefined symbol: vhdi_def_get_handle_by_module_id')
ANF: vhdi_def_get_variable_info_by_vhpi('simv: undefined symbol: vhdi_def_get_variable_info_by_vhpi')
ANF: vhdi_def_free('simv: undefined symbol: vhdi_def_free')
ANF: vhdi_ist_traverse_scope('simv: undefined symbol: vhdi_ist_traverse_scope')
ANF: vhdi_ist_traverse_variable('simv: undefined symbol: vhdi_ist_traverse_variable')
ANF: vhdi_ist_convert_by_vhpi('simv: undefined symbol: vhdi_ist_convert_by_vhpi')
ANF: vhdi_ist_clone('simv: undefined symbol: vhdi_ist_clone')
ANF: vhdi_ist_free('simv: undefined symbol: vhdi_ist_free')
ANF: vhdi_ist_hash_key('simv: undefined symbol: vhdi_ist_hash_key')
ANF: vhdi_ist_compare('simv: undefined symbol: vhdi_ist_compare')
ANF: vhdi_ist_get_value_addr('simv: undefined symbol: vhdi_ist_get_value_addr')
ANF: vhdi_set_scsd_callback('simv: undefined symbol: vhdi_set_scsd_callback')
ANF: vhdi_cbk_set_force_callback('simv: undefined symbol: vhdi_cbk_set_force_callback')
ANF: vhdi_trigger_init_force('simv: undefined symbol: vhdi_trigger_init_force')
ANF: vhdi_ist_check_scsd_callback('simv: undefined symbol: vhdi_ist_check_scsd_callback')
ANF: vhdi_ist_add_scsd_callback('simv: undefined symbol: vhdi_ist_add_scsd_callback')
ANF: vhdi_ist_remove_scsd_callback('simv: undefined symbol: vhdi_ist_remove_scsd_callback')
ANF: vhdi_ist_get_scsd_user_data('simv: undefined symbol: vhdi_ist_get_scsd_user_data')
ANF: vhdi_add_time_change_callback('simv: undefined symbol: vhdi_add_time_change_callback')
ANF: vhdi_get_real_value_by_value_addr('simv: undefined symbol: vhdi_get_real_value_by_value_addr')
ANF: vhdi_get_64_value_by_value_addr('simv: undefined symbol: vhdi_get_64_value_by_value_addr')
ANF: vhdi_xprop_inst_is_promoted('simv: undefined symbol: vhdi_xprop_inst_is_promoted')
ANF: vdi_ist_convert_by_vhdi('simv: undefined symbol: vdi_ist_convert_by_vhdi')
ANF: vhdi_ist_get_module_id('simv: undefined symbol: vhdi_ist_get_module_id')
ANF: vhdi_refine_foreign_scope_type('simv: undefined symbol: vhdi_refine_foreign_scope_type')
ANF: vhdi_flush_callback('simv: undefined symbol: vhdi_flush_callback')
ANF: vhdi_set_orig_name('simv: undefined symbol: vhdi_set_orig_name')
ANF: vhdi_set_dump_pt('simv: undefined symbol: vhdi_set_dump_pt')
ANF: vhdi_get_fsdb_option('simv: undefined symbol: vhdi_get_fsdb_option')
ANF: vhdi_fgp_get_mode('simv: undefined symbol: vhdi_fgp_get_mode')
ANF: vhdi_node_register_composite_var('simv: undefined symbol: vhdi_node_register_composite_var')
ANF: vhdi_node_analysis('simv: undefined symbol: vhdi_node_analysis')
ANF: vhdi_node_id('simv: undefined symbol: vhdi_node_id')
ANF: vhdi_node_ist_check_scsd_callback('simv: undefined symbol: vhdi_node_ist_check_scsd_callback')
ANF: vhdi_node_ist_add_scsd_callback('simv: undefined symbol: vhdi_node_ist_add_scsd_callback')
ANF: vhdi_node_ist_get_value_addr('simv: undefined symbol: vhdi_node_ist_get_value_addr')
VCS compile option:
 option[0]: simv
 option[1]: +define+FSDB
 option[2]: /home/synopsys/vcs-mx/O-2018.09-1/linux64/bin/vcs1
 option[3]: -Mcc=gcc
 option[4]: -Mcplusplus=g++
 option[5]: -Masflags=
 option[6]: -Mcfl= -pipe -fPIC -O -I/home/synopsys/vcs-mx/O-2018.09-1/include 
 option[7]: -Mxcflags= -pipe -fPIC -I/home/synopsys/vcs-mx/O-2018.09-1/include
 option[8]: -Mldflags= -rdynamic 
 option[9]: -Mout=simv
 option[10]: -Mamsrun=
 option[11]: -Mvcsaceobjs=
 option[12]: -Mobjects= /home/synopsys/vcs-mx/O-2018.09-1/linux64/lib/libvirsim.so /home/synopsys/vcs-mx/O-2018.09-1/linux64/lib/liberrorinf.so /home/synopsys/vcs-mx/O-2018.09-1/linux64/lib/libsnpsmalloc.so /home/synopsys/vcs-mx/O-2018.09-1/linux64/lib/libvfs.so 
 option[13]: -Mexternalobj=
 option[14]: -Msaverestoreobj=/home/synopsys/vcs-mx/O-2018.09-1/linux64/lib/vcs_save_restore_new.o
 option[15]: -Mcrt0=
 option[16]: -Mcrtn=
 option[17]: -Mcsrc=
 option[18]: -Msyslibs=/home/synopsys/verdi/Verdi_O-2018.09-SP2/share/PLI/VCS/LINUX64/pli.a -ldl 
 option[19]: -Xvcs_run_simv=1
 option[20]: -full64
 option[21]: -fsdb
 option[22]: -P
 option[23]: /home/synopsys/verdi/Verdi_O-2018.09-SP2/share/PLI/VCS/LINUX64/verdi.tab
 option[24]: +define+FSDB
 option[25]: -picarchive
 option[26]: -gen_obj
 option[27]: -f
 option[28]: filelist.f
 option[29]: -load
 option[30]: /home/synopsys/verdi/Verdi_O-2018.09-SP2/share/PLI/VCS/LINUX64/libnovas.so:FSDBDumpCmd
Chronologic Simulation VCS Release O-2018.09-1_Full64
Linux 3.10.0-1160.53.1.el7.x86_64 #1 SMP Fri Jan 14 13:59:45 UTC 2022 x86_64
CPU cores: 8
Limit information:
======================================
cputime		unlimited
filesize		unlimited
datasize		unlimited
stacksize		8192 kbytes
coredumpsize		0 kbytes
memoryuse		unlimited
vmemoryuse		unlimited
descriptors		4096
memorylocked		64 kbytes
maxproc		4096
======================================
(Special)Runtime environment variables:

Runtime environment variables:
LC_PAPER=zh_CN.UTF-8
XDG_VTNR=1
XDG_SESSION_ID=1
SSH_AGENT_PID=2995
DBUS_STARTER_ADDRESS=unix:abstract=/tmp/dbus-h8RbXFzte1,guid=1e7c61d3980948e120f2b5f8661e7f0e
LC_MONETARY=zh_CN.UTF-8
HOSTNAME=IC_EDA
UNAME=/bin/uname
IMSETTINGS_INTEGRATE_DESKTOP=yes
SCRNAME=vcs
VCS_DEPTH=0
TERM=xterm-256color
XDG_MENU_PREFIX=gnome-
VTE_VERSION=5204
SHELL=/bin/bash
HISTSIZE=1000
MAKEFLAGS=
GNOME_TERMINAL_SCREEN=/org/gnome/Terminal/screen/5c5c8c1c_794e_4df3_bb81_5336417a2b53
QUESTASIM_HOME=/home/mentor/questasim
LC_NUMERIC=zh_CN.UTF-8
QTDIR=/usr/lib/qt-3.3
QTINC=/usr/lib/qt-3.3/include
LC_ALL=C
IMSETTINGS_MODULE=none
QT_GRAPHICSSYSTEM_CHECKED=1
USER=ICer
LD_LIBRARY_PATH=/home/synopsys/vcs-mx/O-2018.09-1/linux64/lib::/home/synopsys/verdi/Verdi_O-2018.09-SP2/share/PLI/lib/LINUX64:/home/synopsys/verdi/Verdi_O-2018.09-SP2/share/PLI/IUS/LINUX64/boot:/home/cadence/INCISIVE152/tools.lnx86/lib
LS_COLORS=rs=0:di=38;5;27:ln=38;5;51:mh=44;38;5;15:pi=40;38;5;11:so=38;5;13:do=38;5;5:bd=48;5;232;38;5;11:cd=48;5;232;38;5;3:or=48;5;232;38;5;9:mi=05;48;5;232;38;5;15:su=48;5;196;38;5;15:sg=48;5;11;38;5;16:ca=48;5;196;38;5;226:tw=48;5;10;38;5;16:ow=48;5;10;38;5;21:st=48;5;21;38;5;15:ex=38;5;34:*.tar=38;5;9:*.tgz=38;5;9:*.arc=38;5;9:*.arj=38;5;9:*.taz=38;5;9:*.lha=38;5;9:*.lz4=38;5;9:*.lzh=38;5;9:*.lzma=38;5;9:*.tlz=38;5;9:*.txz=38;5;9:*.tzo=38;5;9:*.t7z=38;5;9:*.zip=38;5;9:*.z=38;5;9:*.Z=38;5;9:*.dz=38;5;9:*.gz=38;5;9:*.lrz=38;5;9:*.lz=38;5;9:*.lzo=38;5;9:*.xz=38;5;9:*.bz2=38;5;9:*.bz=38;5;9:*.tbz=38;5;9:*.tbz2=38;5;9:*.tz=38;5;9:*.deb=38;5;9:*.rpm=38;5;9:*.jar=38;5;9:*.war=38;5;9:*.ear=38;5;9:*.sar=38;5;9:*.rar=38;5;9:*.alz=38;5;9:*.ace=38;5;9:*.zoo=38;5;9:*.cpio=38;5;9:*.7z=38;5;9:*.rz=38;5;9:*.cab=38;5;9:*.jpg=38;5;13:*.jpeg=38;5;13:*.gif=38;5;13:*.bmp=38;5;13:*.pbm=38;5;13:*.pgm=38;5;13:*.ppm=38;5;13:*.tga=38;5;13:*.xbm=38;5;13:*.xpm=38;5;13:*.tif=38;5;13:*.tiff=38;5;13:*.png=38;5;13:*.svg=38;5;13:*.svgz=38;5;13:*.mng=38;5;13:*.pcx=38;5;13:*.mov=38;5;13:*.mpg=38;5;13:*.mpeg=38;5;13:*.m2v=38;5;13:*.mkv=38;5;13:*.webm=38;5;13:*.ogm=38;5;13:*.mp4=38;5;13:*.m4v=38;5;13:*.mp4v=38;5;13:*.vob=38;5;13:*.qt=38;5;13:*.nuv=38;5;13:*.wmv=38;5;13:*.asf=38;5;13:*.rm=38;5;13:*.rmvb=38;5;13:*.flc=38;5;13:*.avi=38;5;13:*.fli=38;5;13:*.flv=38;5;13:*.gl=38;5;13:*.dl=38;5;13:*.xcf=38;5;13:*.xwd=38;5;13:*.yuv=38;5;13:*.cgm=38;5;13:*.emf=38;5;13:*.axv=38;5;13:*.anx=38;5;13:*.ogv=38;5;13:*.ogx=38;5;13:*.aac=38;5;45:*.au=38;5;45:*.flac=38;5;45:*.mid=38;5;45:*.midi=38;5;45:*.mka=38;5;45:*.mp3=38;5;45:*.mpc=38;5;45:*.ogg=38;5;45:*.ra=38;5;45:*.wav=38;5;45:*.axa=38;5;45:*.oga=38;5;45:*.spx=38;5;45:*.xspf=38;5;45:
GNOME_TERMINAL_SERVICE=:1.130
SCRIPT_NAME=vcs
MAKE_TERMOUT=/dev/pts/0
VCS_MX_HOME_INTERNAL=1
SSH_AUTH_SOCK=/run/user/1000/keyring/ssh
DVE_HOME=/home/synopsys/vcs-mx/O-2018.09-1
MAKELEVEL=1
SESSION_MANAGER=local/unix:@/tmp/.ICE-unix/2862,unix/unix:/tmp/.ICE-unix/2862
USERNAME=ICer
SNPSLMD_LICENSE_FILE=27000@IC_EDA
OVA_UUM=0
MMSIMHOME=/home/cadence/MMSIM151
MFLAGS=
VCS_MODE_FLAG=64
GNOME_SHELL_SESSION_MODE=classic
MAIL=/var/spool/mail/ICer
PATH=.:/home/Xilinx/SDK/2019.1/bin:/home/Xilinx/SDK/2019.1/gnu/microblaze/lin/bin:/home/Xilinx/SDK/2019.1/gnu/arm/lin/bin:/home/Xilinx/SDK/2019.1/gnu/microblaze/linux_toolchain/lin64_le/bin:/home/Xilinx/SDK/2019.1/gnu/aarch32/lin/gcc-arm-linux-gnueabi/bin:/home/Xilinx/SDK/2019.1/gnu/aarch32/lin/gcc-arm-none-eabi/bin:/home/Xilinx/SDK/2019.1/gnu/aarch64/lin/aarch64-linux/bin:/home/Xilinx/SDK/2019.1/gnu/aarch64/lin/aarch64-none/bin:/home/Xilinx/SDK/2019.1/gnu/armr5/lin/gcc-arm-none-eabi/bin:/home/Xilinx/SDK/2019.1/tps/lnx64/cmake-3.3.2/bin:/home/Xilinx/Vivado/2019.1/bin:/home/Xilinx/DocNav:/usr/lib/qt-3.3/bin:/usr/local/bin:/usr/local/sbin:/usr/bin:/usr/sbin:/bin:/sbin:/home/ICer/bin:/home/synopsys/fpga/N-2018.03-SP1/bin:/home/synopsys/pts/O-2018.06-SP1/bin:/home/synopsys/icc2/O-2018.06-SP1/bin:/home/synopsys/syn/O-2018.06-SP1/bin:/home/synopsys/lc/O-2018.06-SP1/bin:/home/synopsys/SpyGlass-L2016.06/SPYGLASS_HOME//bin:/home/synopsys/vcs-mx/O-2018.09-1/gui/dve/bin:/home/synopsys/vcs-mx/O-2018.09-1/bin:/home/synopsys/verdi/Verdi_O-2018.09-SP2/bin:/home/synopsys/scl/2018.06/linux64/bin::/home/cadence/IC617/tools/dfII/bin:/home/cadence/IC617/tools/plot/bin:/home/cadence/INCISIVE152/tools/bin:/home/cadence/MMSIM151/bin:/home/cadence/MMSIM151/tools/relxpert/bin:/home/cadence/INCISIVE152/bin:/home/cadence/INCISIVE152/tools.lnx86/bin:/home/cadence/INCISIVE152/tools.lnx86/dfII/bin:/home/mentor/questasim/linux_x86_64:/home/Riscv_Tools/bin:/home/Riscv_Tools/riscv-gnu-toolchain/qemu-6.0.0/build/riscv32-linux-user
DESKTOP_SESSION=gnome-classic
PT_HOME=/home/synopsys/pts/O-2018.06-SP1
QT_IM_MODULE=ibus
VERDI_HOME=/home/synopsys/verdi/Verdi_O-2018.09-SP2
CALIBRE_HOME=/home/mentor//Calibre2015/aoi_cal_2015.2_36.27
PWD=/home/ICer/ic_prjs/mian_p
MGC_CALIBRE_LAYOUT_SERVER=IC_EDA:9189
XDG_SESSION_TYPE=x11
VCS_HOME=/home/synopsys/vcs-mx/O-2018.09-1
XMODIFIERS=@im=ibus
EDITOR=/usr/bin/vim
LANG=zh_CN.UTF-8
MGC_CALIBRE_SCHEMATIC_SERVER=IC_EDA:9199
GDM_LANG=zh_CN.UTF-8
LC_MEASUREMENT=zh_CN.UTF-8
VCS_ARCH_OVERRIDE=linux
KDEDIRS=/usr
VMR_MODE_FLAG=64
CDSHOME=/home/cadence/IC617
QEMU_HOME=/home/Riscv_Tools/riscv-gnu-toolchain/qemu-6.0.0
XILINX_VIVADO=/home/Xilinx/Vivado/2019.1
GDMSESSION=gnome-classic
SPECMAN_HOME=/home/cadence/INCISIVE152/components/sn
HISTCONTROL=ignoredups
VCS_ARG_ADDED_FOR_TMP=1
SNPS_VCS_TMPDIR=/tmp/vcs_20240423142233_87311
DBUS_STARTER_BUS_TYPE=session
SHLVL=3
RISCV=/home/Riscv_Tools
XDG_SEAT=seat0
HOME=/home/ICer
ICC2_HOME=/home/synopsys/icc2/O-2018.06-SP1
MGC_HOME=/home/mentor/
GNOME_DESKTOP_SESSION_ID=this-is-deprecated
MGC_LICENSE_FILE=/home/mentor//license/license.dat
CADHOME=/home/cadence
VCS_COM=/home/synopsys/vcs-mx/O-2018.09-1/linux64/bin/vcs1
DC_HOME=/home/synopsys/syn/O-2018.06-SP1
LOGNAME=ICer
XDG_SESSION_DESKTOP=gnome-classic
MAKE_TERMERR=/dev/pts/0
SPYGLASS_HOME=/home/synopsys/SpyGlass-L2016.06/SPYGLASS_HOME/
QTLIB=/usr/lib/qt-3.3/lib
MGLS_LICENSE_FILE=/home/mentor/questasim/mentor.dat
DBUS_SESSION_BUS_ADDRESS=unix:abstract=/tmp/dbus-h8RbXFzte1,guid=1e7c61d3980948e120f2b5f8661e7f0e
XDG_DATA_DIRS=/home/ICer/.local/share/flatpak/exports/share/:/var/lib/flatpak/exports/share/:/usr/local/share/:/usr/share/
CDS_LIC_FILE=/home/cadence/license/cadence.dat
LESSOPEN=||/usr/bin/lesspipe.sh %s
SPECMAN_DIR=/home/cadence/INCISIVE152/components/sn/
SCL_HOME=/home/synopsys/scl/2018.06
sysc_uni_pwd=/home/ICer/ic_prjs/mian_p
WINDOWPATH=1
DISPLAY=:0
SYNPLIFY_HOME=/home/synopsys/fpga/N-2018.03-SP1
XDG_RUNTIME_DIR=/run/user/1000
VCS_ARCH=linux64
LC_HOME=/home/synopsys/lc/O-2018.06-SP1
QT_PLUGIN_PATH=/usr/lib64/kde4/plugins:/usr/lib/kde4/plugins
TOOL_HOME=/home/synopsys/vcs-mx/O-2018.09-1/linux64
INCISIVE_HOME=/home/cadence/INCISIVE152
XDG_CURRENT_DESKTOP=GNOME-Classic:GNOME
LC_TIME=zh_CN.UTF-8
COLORTERM=truecolor
XAUTHORITY=/run/gdm/auth-for-ICer-enf6DL/database
_=./simv
VCS_HEAP_EXEC=true
VCS_PATHMAP_PRELOAD_DONE=1
VCS_EXEC_DONE=1
DVE=/home/synopsys/vcs-mx/O-2018.09-1/gui/dve
SPECMAN_OUTPUT_TO_TTY=1
Runtime command line arguments:
argv[0]=simv
argv[1]=+define+FSDB
280 profile - 100
          CPU/Mem usage: 0.020 sys,  0.140 user,  245.49M mem
281 Tue Apr 23 22:22:34 2024
282 pliAppInit
283 FSDB_GATE is set.
284 FSDB_RTL is set.
285 Enable Parallel Dumping.
286 pliAppMiscSet: New Sim Round
287 pliEntryInit
288 LIBSSCORE=found /home/synopsys/verdi/Verdi_O-2018.09-SP2/share/PLI/lib/LINUXAMD64/libsscore_vcs201809.so through $NOVAS_HOME setting.
289 FSDB Dumper for VCS, Release Verdi_O-2018.09-SP2, Linux x86_64/64bit, 02/21/2019
290 (C) 1996 - 2019 by Synopsys, Inc.
291 sps_call_fsdbDumpfile_main at 0 : ./tb_top.v(113)
292 argv[0]: (./tb_top.fsdb)
293 *Verdi* FSDB WARNING: The FSDB file already exists. Overwriting the FSDB file may crash the programs that are using this file.
294 *Verdi* : Create FSDB file './tb_top.fsdb'
295 compile option from '/home/ICer/ic_prjs/mian_p/simv.daidir/vcs_rebuild'.
296   "vcs '-full64' '-R' '-fsdb' '+define+FSDB' '-f' 'filelist.f' 2>&1"
297 FSDB_VCS_ENABLE_FAST_VC is enable
298 sps_call_fsdbDumpvars_vd_main at 0 : ./tb_top.v(114)
299 argv[0]: (0)
300 argv[1]: (+mda)
301 argv[2]: (+all)
302 [spi_vcs_vd_ppi_create_root]: no upf option
303 [spi_vcs_vd_ppi_create_root]: no debug option
304 FSDB dumper cannot dump UPF related power signal ($power_tree): no ppiPowerNetwork.
305 *Verdi* : Begin traversing the scopes, layer (0).
306 *Verdi* : Enable +all and +mda dumping.
307 *Verdi* : End of traversing.
308 pliAppHDL_DumpVarComplete traverse var: profile - 
          CPU/Mem usage: 0.030 sys,  0.140 user,  340.66M mem
                   incr: 0.010 sys,  0.000 user,  7.63M mem
                   accu: 0.010 sys,  0.000 user,  7.63M mem
              accu incr: 0.010 sys,  0.000 user,  7.63M mem

          Count usage: 326 var,  177 idcode,  128 callback
                 incr: 326 var,  177 idcode,  128 callback
                 accu: 326 var,  177 idcode,  128 callback
            accu incr: 326 var,  177 idcode,  128 callback
309 Tue Apr 23 22:22:34 2024
310 pliAppHDL_DumpVarComplete: profile - 
          CPU/Mem usage: 0.030 sys,  0.140 user,  341.71M mem
                   incr: 0.000 sys,  0.000 user,  1.05M mem
                   accu: 0.010 sys,  0.000 user,  8.69M mem
              accu incr: 0.000 sys,  0.000 user,  1.05M mem

          Count usage: 326 var,  177 idcode,  128 callback
                 incr: 0 var,  0 idcode,  0 callback
                 accu: 326 var,  177 idcode,  128 callback
            accu incr: 0 var,  0 idcode,  0 callback
311 Tue Apr 23 22:22:34 2024
312 sps_call_fsdbDumpMDA_vd_main at 0 : ./tb_top.v(115)
313 *Verdi* : Begin traversing the MDAs, layer (0).
314 *Verdi* : Enable +mda and +packedmda dumping.
315 *Verdi* : End of traversing the MDAs.
316 pliAppHDL_DumpVarComplete traverse var: profile - 
          CPU/Mem usage: 0.030 sys,  0.150 user,  341.71M mem
                   incr: 0.000 sys,  0.010 user,  0.00M mem
                   accu: 0.000 sys,  0.010 user,  0.00M mem
              accu incr: 0.000 sys,  0.010 user,  0.00M mem

          Count usage: 326 var,  177 idcode,  128 callback
                 incr: 0 var,  0 idcode,  0 callback
                 accu: 0 var,  0 idcode,  0 callback
            accu incr: 0 var,  0 idcode,  0 callback
317 Tue Apr 23 22:22:34 2024
318 pliAppHDL_DumpVarComplete: profile - 
          CPU/Mem usage: 0.030 sys,  0.150 user,  341.71M mem
                   incr: 0.000 sys,  0.000 user,  0.00M mem
                   accu: 0.000 sys,  0.010 user,  0.00M mem
              accu incr: 0.000 sys,  0.000 user,  0.00M mem

          Count usage: 326 var,  177 idcode,  128 callback
                 incr: 0 var,  0 idcode,  0 callback
                 accu: 0 var,  0 idcode,  0 callback
            accu incr: 0 var,  0 idcode,  0 callback
319 Tue Apr 23 22:22:34 2024
320 End of simulation at 10040
321 Tue Apr 23 22:22:34 2024
322 Begin FSDB profile info:
323 FSDB Writer : bc1(2076) bcn(673) mtf/stf(0/0)
FSDB Writer elapsed time : flush(0.001498) io wait(0.000000) theadpool wait(0.000000) target functin(0.000000)
FSDB Writer cpu time : MT Compression : 0
324 End FSDB profile info
325 Parallel profile    -  Flush:4 Expand:0 ProduceWait:0 ConsumerWait:0 BlockUsed:0
326                        ProduceTime:0.184835898 ConsumerTime:0.000000000 Buffer:64MB
327 SimExit
328 Sim process exit
